# JRE version: OpenJDK Runtime Environment (11.0+28) (build 11+28)
# Java VM: OpenJDK 64-Bit Server VM (11+28, mixed mode, tiered, compressed oops, g1 gc, linux-amd64)
Heap:
 garbage-first heap   total 344064K, used 185821K [0x00000000c2a00000, 0x0000000100000000)
  region size 1024K, 34 young (34816K), 1 survivors (1024K)
 Metaspace       used 136910K, capacity 153835K, committed 156288K, reserved 1183744K
  class space    used 16041K, capacity 21165K, committed 21888K, reserved 1048576K
GC Heap History (10 events):
Event: 39706.781 GC heap before
{Heap before GC invocations=172 (full 0):
 garbage-first heap   total 344064K, used 168513K [0x00000000c2a00000, 0x0000000100000000)
  region size 1024K, 16 young (16384K), 1 survivors (1024K)
 Metaspace       used 136879K, capacity 153803K, committed 156288K, reserved 1183744K
  class space    used 16039K, capacity 21133K, committed 21888K, reserved 1048576K
}
Event: 39706.796 GC heap after
{Heap after GC invocations=173 (full 0):
 garbage-first heap   total 344064K, used 153080K [0x00000000c2a00000, 0x0000000100000000)
  region size 1024K, 1 young (1024K), 1 survivors (1024K)
 Metaspace       used 136879K, capacity 153803K, committed 156288K, reserved 1183744K
  class space    used 16039K, capacity 21133K, committed 21888K, reserved 1048576K
}
Event: 40344.526 GC heap before
{Heap before GC invocations=174 (full 0):
 garbage-first heap   total 344064K, used 197112K [0x00000000c2a00000, 0x0000000100000000)
  region size 1024K, 45 young (46080K), 1 survivors (1024K)
 Metaspace       used 136879K, capacity 153803K, committed 156288K, reserved 1183744K
  class space    used 16039K, capacity 21133K, committed 21888K, reserved 1048576K
}
Event: 40344.552 GC heap after
{Heap after GC invocations=175 (full 0):
 garbage-first heap   total 344064K, used 153273K [0x00000000c2a00000, 0x0000000100000000)
  region size 1024K, 1 young (1024K), 1 survivors (1024K)
 Metaspace       used 136879K, capacity 153803K, committed 156288K, reserved 1183744K
  class space    used 16039K, capacity 21133K, committed 21888K, reserved 1048576K
}
Event: 41477.698 GC heap before
{Heap before GC invocations=175 (full 0):
 garbage-first heap   total 344064K, used 234169K [0x00000000c2a00000, 0x0000000100000000)
  region size 1024K, 81 young (82944K), 1 survivors (1024K)
 Metaspace       used 136881K, capacity 153803K, committed 156288K, reserved 1183744K
  class space    used 16039K, capacity 21133K, committed 21888K, reserved 1048576K
}
Event: 41477.730 GC heap after
{Heap after GC invocations=176 (full 0):
 garbage-first heap   total 344064K, used 153464K [0x00000000c2a00000, 0x0000000100000000)
  region size 1024K, 1 young (1024K), 1 survivors (1024K)
 Metaspace       used 136881K, capacity 153803K, committed 156288K, reserved 1183744K
  class space    used 16039K, capacity 21133K, committed 21888K, reserved 1048576K
}
Event: 43281.449 GC heap before
{Heap before GC invocations=177 (full 0):
 garbage-first heap   total 344064K, used 292728K [0x00000000c2a00000, 0x0000000100000000)
  region size 1024K, 138 young (141312K), 1 survivors (1024K)
 Metaspace       used 136883K, capacity 153803K, committed 156288K, reserved 1183744K
  class space    used 16039K, capacity 21133K, committed 21888K, reserved 1048576K
}
Event: 43281.499 GC heap after
{Heap after GC invocations=178 (full 0):
 garbage-first heap   total 344064K, used 154099K [0x00000000c2a00000, 0x0000000100000000)
  region size 1024K, 2 young (2048K), 2 survivors (2048K)
 Metaspace       used 136883K, capacity 153803K, committed 156288K, reserved 1183744K
  class space    used 16039K, capacity 21133K, committed 21888K, reserved 1048576K
}
Event: 43495.413 GC heap before
{Heap before GC invocations=178 (full 0):
 garbage-first heap   total 344064K, used 167411K [0x00000000c2a00000, 0x0000000100000000)
  region size 1024K, 16 young (16384K), 2 survivors (2048K)
 Metaspace       used 136883K, capacity 153803K, committed 156288K, reserved 1183744K
  class space    used 16039K, capacity 21133K, committed 21888K, reserved 1048576K
}
Event: 43495.470 GC heap after
{Heap after GC invocations=179 (full 0):
 garbage-first heap   total 344064K, used 153053K [0x00000000c2a00000, 0x0000000100000000)
  region size 1024K, 1 young (1024K), 1 survivors (1024K)
 Metaspace       used 136883K, capacity 153803K, committed 156288K, reserved 1183744K
  class space    used 16039K, capacity 21133K, committed 21888K, reserved 1048576K
}

